May 17, 2019 7:52:48 AM cse308.map.websocket.SocketService onSaveLog
INFO: Algorithm Start...'
'fetching precinct'state data...'
'Constructing Clusters...'
'Initializing State...'
'Phase 1 Graph partition...'
''
'No.1: 19041041019 : precinct size 591, population 432769'
'No.2: 19113113014 : precinct size 403, population 590142'
'No.3: 19163163031 : precinct size 272, population 496593'
'No.4: 19153153027 : precinct size 811, population 886970'
'No.5: 19023023021 : precinct size 219, population 245316'
'No.6: 19153153014 : precinct size 229, population 394565'
''
'Assigning Colors...'
''
''
''
'No.1: 19041041019 : precinct size 587, population 427335'
'No.2: 19113113014 : precinct size 358, population 507836'
'No.3: 19163163031 : precinct size 272, population 496593'
'No.4: 19153153027 : precinct size 785, population 817595'
'No.5: 19023023021 : precinct size 277, population 379685'
'No.6: 19153153014 : precinct size 246, population 417311'
''
'Assigning Colors...'
''
''
''
'Algorithm finished!'
'
